Using pre-set license
Built from '2021.3/staging' branch; Version is '2021.3.22f1 (b6c551784ba3) revision 11978065'; Using compiler version '192829333'; Build Type 'Release'
OS: 'Windows 10  (10.0.19045) 64bit Core' Language: 'en' Physical Memory: 16301 MB
BatchMode: 1, IsHumanControllingUs: 0, StartBugReporterOnCrash: 0, Is64bit: 1, IsPro: 1

COMMAND LINE ARGUMENTS:
D:\Program Files\Unity\Hub\Editor\2021.3.22f1\Editor\Unity.exe
-adb2
-batchMode
-noUpm
-name
AssetImportWorker19
-projectPath
C:/Users/ItzzG/Desktop/DIG3480 Git/shooter_project/Fighter Planes F24
-logFile
Logs/AssetImportWorker19.log
-srvPort
57694
Successfully changed project path to: C:/Users/ItzzG/Desktop/DIG3480 Git/shooter_project/Fighter Planes F24
C:/Users/ItzzG/Desktop/DIG3480 Git/shooter_project/Fighter Planes F24
[UnityMemory] Configuration Parameters - Can be set up in boot.config
    "memorysetup-bucket-allocator-granularity=16"
    "memorysetup-bucket-allocator-bucket-count=8"
    "memorysetup-bucket-allocator-block-size=33554432"
    "memorysetup-bucket-allocator-block-count=8"
    "memorysetup-main-allocator-block-size=16777216"
    "memorysetup-thread-allocator-block-size=16777216"
    "memorysetup-gfx-main-allocator-block-size=16777216"
    "memorysetup-gfx-thread-allocator-block-size=16777216"
    "memorysetup-cache-allocator-block-size=4194304"
    "memorysetup-typetree-allocator-block-size=2097152"
    "memorysetup-profiler-bucket-allocator-granularity=16"
    "memorysetup-profiler-bucket-allocator-bucket-count=8"
    "memorysetup-profiler-bucket-allocator-block-size=33554432"
    "memorysetup-profiler-bucket-allocator-block-count=8"
    "memorysetup-profiler-allocator-block-size=16777216"
    "memorysetup-profiler-editor-allocator-block-size=1048576"
    "memorysetup-temp-allocator-size-main=16777216"
    "memorysetup-job-temp-allocator-block-size=2097152"
    "memorysetup-job-temp-allocator-block-size-background=1048576"
    "memorysetup-job-temp-allocator-reduction-small-platforms=262144"
    "memorysetup-temp-allocator-size-background-worker=32768"
    "memorysetup-temp-allocator-size-job-worker=262144"
    "memorysetup-temp-allocator-size-preload-manager=33554432"
    "memorysetup-temp-allocator-size-nav-mesh-worker=65536"
    "memorysetup-temp-allocator-size-audio-worker=65536"
    "memorysetup-temp-allocator-size-cloud-worker=32768"
    "memorysetup-temp-allocator-size-gi-baking-worker=262144"
    "memorysetup-temp-allocator-size-gfx=262144"
Player connection [31268] Host "[IP] 11.96.96.202 [Port] 0 [Flags] 2 [Guid] 3104826788 [EditorId] 3104826788 [Version] 1048832 [Id] WindowsEditor(7,DESKTOP-O7SD8NV) [Debug] 1 [PackageName] WindowsEditor [ProjectName] Editor" joined multi-casting on [225.0.0.222:54997]...

Player connection [31268] Host "[IP] 11.96.96.202 [Port] 0 [Flags] 2 [Guid] 3104826788 [EditorId] 3104826788 [Version] 1048832 [Id] WindowsEditor(7,DESKTOP-O7SD8NV) [Debug] 1 [PackageName] WindowsEditor [ProjectName] Editor" joined alternative multi-casting on [225.0.0.222:34997]...

Refreshing native plugins compatible for Editor in 64.19 ms, found 3 plugins.
Preloading 0 native plugins for Editor in 0.00 ms.
Initialize engine version: 2021.3.22f1 (b6c551784ba3)
[Subsystems] Discovering subsystems at path D:/Program Files/Unity/Hub/Editor/2021.3.22f1/Editor/Data/Resources/UnitySubsystems
[Subsystems] Discovering subsystems at path C:/Users/ItzzG/Desktop/DIG3480 Git/shooter_project/Fighter Planes F24/Assets
GfxDevice: creating device client; threaded=0; jobified=0
Direct3D:
    Version:  Direct3D 11.0 [level 11.1]
    Renderer: NVIDIA GeForce RTX 2070 SUPER (ID=0x1e84)
    Vendor:   NVIDIA
    VRAM:     7989 MB
    Driver:   32.0.15.6094
Initialize mono
Mono path[0] = 'D:/Program Files/Unity/Hub/Editor/2021.3.22f1/Editor/Data/Managed'
Mono path[1] = 'D:/Program Files/Unity/Hub/Editor/2021.3.22f1/Editor/Data/MonoBleedingEdge/lib/mono/unityjit-win32'
Mono config path = 'D:/Program Files/Unity/Hub/Editor/2021.3.22f1/Editor/Data/MonoBleedingEdge/etc'
Using monoOptions --debugger-agent=transport=dt_socket,embedding=1,server=y,suspend=n,address=127.0.0.1:56532
Begin MonoManager ReloadAssembly
Registering precompiled unity dll's ...
Register platform support module: D:/Program Files/Unity/Hub/Editor/2021.3.22f1/Editor/Data/PlaybackEngines/WebGLSupport/UnityEditor.WebGL.Extensions.dll
Register platform support module: D:/Program Files/Unity/Hub/Editor/2021.3.22f1/Editor/Data/PlaybackEngines/WindowsStandaloneSupport/UnityEditor.WindowsStandalone.Extensions.dll
Registered in 0.004107 seconds.
Native extension for WindowsStandalone target not found
Native extension for WebGL target not found
Refreshing native plugins compatible for Editor in 69.47 ms, found 3 plugins.
Preloading 0 native plugins for Editor in 0.00 ms.
Mono: successfully reloaded assembly
- Completed reload, in  0.544 seconds
Domain Reload Profiling:
	ReloadAssembly (544ms)
		BeginReloadAssembly (85ms)
			ExecutionOrderSort (0ms)
			DisableScriptedObjects (0ms)
			BackupInstance (0ms)
			ReleaseScriptingObjects (0ms)
			CreateAndSetChildDomain (1ms)
		EndReloadAssembly (381ms)
			LoadAssemblies (84ms)
			RebuildTransferFunctionScriptingTraits (0ms)
			SetupTypeCache (88ms)
			ReleaseScriptCaches (0ms)
			RebuildScriptCaches (22ms)
			SetupLoadedEditorAssemblies (231ms)
				LogAssemblyErrors (0ms)
				InitializePlatformSupportModulesInManaged (7ms)
				SetLoadedEditorAssemblies (0ms)
				RefreshPlugins (70ms)
				BeforeProcessingInitializeOnLoad (1ms)
				ProcessInitializeOnLoadAttributes (116ms)
				ProcessInitializeOnLoadMethodAttributes (38ms)
				AfterProcessingInitializeOnLoad (0ms)
				EditorAssembliesLoaded (0ms)
			ExecutionOrderSort2 (0ms)
			AwakeInstancesAfterBackupRestoration (0ms)
Platform modules already initialized, skipping
Registering precompiled user dll's ...
Registered in 0.005608 seconds.
Begin MonoManager ReloadAssembly
Native extension for WindowsStandalone target not found
Native extension for WebGL target not found
Refreshing native plugins compatible for Editor in 0.58 ms, found 3 plugins.
Preloading 0 native plugins for Editor in 0.00 ms.
Mono: successfully reloaded assembly
- Completed reload, in  0.903 seconds
Domain Reload Profiling:
	ReloadAssembly (904ms)
		BeginReloadAssembly (116ms)
			ExecutionOrderSort (0ms)
			DisableScriptedObjects (5ms)
			BackupInstance (0ms)
			ReleaseScriptingObjects (0ms)
			CreateAndSetChildDomain (17ms)
		EndReloadAssembly (702ms)
			LoadAssemblies (90ms)
			RebuildTransferFunctionScriptingTraits (0ms)
			SetupTypeCache (219ms)
			ReleaseScriptCaches (1ms)
			RebuildScriptCaches (40ms)
			SetupLoadedEditorAssemblies (347ms)
				LogAssemblyErrors (0ms)
				InitializePlatformSupportModulesInManaged (5ms)
				SetLoadedEditorAssemblies (0ms)
				RefreshPlugins (1ms)
				BeforeProcessingInitializeOnLoad (61ms)
				ProcessInitializeOnLoadAttributes (262ms)
				ProcessInitializeOnLoadMethodAttributes (15ms)
				AfterProcessingInitializeOnLoad (3ms)
				EditorAssembliesLoaded (0ms)
			ExecutionOrderSort2 (0ms)
			AwakeInstancesAfterBackupRestoration (6ms)
Platform modules already initialized, skipping
========================================================================
Worker process is ready to serve import requests
Launched and connected shader compiler UnityShaderCompiler.exe after 0.04 seconds
Refreshing native plugins compatible for Editor in 0.73 ms, found 3 plugins.
Preloading 0 native plugins for Editor in 0.00 ms.
Unloading 3092 Unused Serialized files (Serialized files now loaded: 0)
Unloading 23 unused Assets / (56.1 KB). Loaded Objects now: 3554.
Memory consumption went from 110.7 MB to 110.7 MB.
Total: 3.888900 ms (FindLiveObjects: 0.459700 ms CreateObjectMapping: 0.096300 ms MarkObjects: 3.242900 ms  DeleteObjects: 0.088600 ms)

AssetImportParameters requested are different than current active one (requested -> active):
  custom:video-decoder-ogg-theora: a1e56fd34408186e4bbccfd4996cb3dc -> 
  custom:container-muxer-webm: aa71ff27fc2769a1b78a27578f13a17b -> 
  custom:container-demuxer-webm: 4f35f7cbe854078d1ac9338744f61a02 -> 
  custom:video-encoder-webm-vp8: eb34c28f22e8b96e1ab97ce403110664 -> 
  custom:audio-encoder-webm-vorbis: bf7c407c2cedff20999df2af8eb42d56 -> 
  custom:framework-win-MediaFoundation: 216162199b28c13a410421893ffa2e32 -> 
  custom:container-demuxer-ogg: 62fdf1f143b41e24485cea50d1cbac27 -> 
  custom:video-decoder-webm-vp8: 9c59270c3fd7afecdb556c50c9e8de78 -> 
  custom:audio-decoder-ogg-vorbis: bf7c407c2cedff20999df2af8eb42d56 -> 
========================================================================
Received Import Request.
  Time since last request: 47021.319356 seconds.
  path: Assets/Sprites/Health/frame-5.png
  artifactKey: Guid(839a8cbe49aec96479de79a628c5d58d) Importer(815301076,1909f56bfc062723c751e8b465ee728b)
Start importing Assets/Sprites/Health/frame-5.png using Guid(839a8cbe49aec96479de79a628c5d58d) Importer(815301076,1909f56bfc062723c751e8b465ee728b)  -> (artifact id: 'aae324ae260d58010da1b823bd880de3') in 0.074431 seconds 
========================================================================
Received Import Request.
  Time since last request: 8.951175 seconds.
  path: Assets/Sprites/Health/frame-5.png
  artifactKey: Guid(839a8cbe49aec96479de79a628c5d58d) Importer(815301076,1909f56bfc062723c751e8b465ee728b)
Start importing Assets/Sprites/Health/frame-5.png using Guid(839a8cbe49aec96479de79a628c5d58d) Importer(815301076,1909f56bfc062723c751e8b465ee728b)  -> (artifact id: 'f7d01cf23f3aa9bc7787092d108e3012') in 0.081556 seconds 
========================================================================
Received Import Request.
  Time since last request: 139.808779 seconds.
  path: Assets/Sprites/Health/Health.prefab
  artifactKey: Guid(1af905bcdc3639c408ae656bf8d3a769) Importer(815301076,1909f56bfc062723c751e8b465ee728b)
Start importing Assets/Sprites/Health/Health.prefab using Guid(1af905bcdc3639c408ae656bf8d3a769) Importer(815301076,1909f56bfc062723c751e8b465ee728b)  -> (artifact id: 'b694c51f87fb6eef5da6e9a35adfc570') in 0.017029 seconds 
========================================================================
Received Import Request.
  Time since last request: 26.699106 seconds.
  path: Assets/Sprites/Health
  artifactKey: Guid(5c274b666608b7743b297335ec6a4c5c) Importer(815301076,1909f56bfc062723c751e8b465ee728b)
Start importing Assets/Sprites/Health using Guid(5c274b666608b7743b297335ec6a4c5c) Importer(815301076,1909f56bfc062723c751e8b465ee728b)  -> (artifact id: 'be5dae160168404f761c2645caf1cbe3') in 0.002229 seconds 
========================================================================
Received Import Request.
  Time since last request: 25.979558 seconds.
  path: Assets/Prefabs/Health.prefab
  artifactKey: Guid(1af905bcdc3639c408ae656bf8d3a769) Importer(815301076,1909f56bfc062723c751e8b465ee728b)
Start importing Assets/Prefabs/Health.prefab using Guid(1af905bcdc3639c408ae656bf8d3a769) Importer(815301076,1909f56bfc062723c751e8b465ee728b)  -> (artifact id: 'a74f12a5a5cbf957d50169de902bd547') in 0.025832 seconds 
========================================================================
Received Import Request.
  Time since last request: 34.670293 seconds.
  path: Assets/Sprites/Health/test.prefab
  artifactKey: Guid(501ea795737970546a6b60321ef1b130) Importer(815301076,1909f56bfc062723c751e8b465ee728b)
Start importing Assets/Sprites/Health/test.prefab using Guid(501ea795737970546a6b60321ef1b130) Importer(815301076,1909f56bfc062723c751e8b465ee728b)  -> (artifact id: '91799c2a92b80359b855f227b5fb35a3') in 0.008828 seconds 
========================================================================
Received Import Request.
  Time since last request: 30.291667 seconds.
  path: Assets/Sprites/Health/Health.prefab
  artifactKey: Guid(501ea795737970546a6b60321ef1b130) Importer(815301076,1909f56bfc062723c751e8b465ee728b)
Start importing Assets/Sprites/Health/Health.prefab using Guid(501ea795737970546a6b60321ef1b130) Importer(815301076,1909f56bfc062723c751e8b465ee728b)  -> (artifact id: '9ff8c7cd67b2ca2076926ffc112d2bca') in 0.003738 seconds 
========================================================================
Received Import Request.
  Time since last request: 103.196836 seconds.
  path: Assets/Prefabs/Health.prefab
  artifactKey: Guid(501ea795737970546a6b60321ef1b130) Importer(815301076,1909f56bfc062723c751e8b465ee728b)
Start importing Assets/Prefabs/Health.prefab using Guid(501ea795737970546a6b60321ef1b130) Importer(815301076,1909f56bfc062723c751e8b465ee728b) The Animator Controller (frame-3 (1)) you have used is not valid. Animations will not play
UnityEngine.StackTraceUtility:ExtractStackTrace ()
UnityEditor.EditorUtility:Internal_InstantiateRemoveAllNonAnimationComponentsSingle (UnityEngine.Object,UnityEngine.Vector3,UnityEngine.Quaternion)
UnityEditor.EditorUtility:InstantiateRemoveAllNonAnimationComponents (UnityEngine.Object,UnityEngine.Vector3,UnityEngine.Quaternion)
UnityEditor.EditorUtility:InstantiateForAnimatorPreview (UnityEngine.Object)
UnityEditor.GameObjectInspector/PreviewData:UpdateGameObject (UnityEngine.Object)
UnityEditor.GameObjectInspector/PreviewData:.ctor (UnityEngine.Object)
UnityEditor.GameObjectInspector:GetPreviewData ()
UnityEditor.GameObjectInspector:RenderStaticPreview (string,UnityEngine.Object[],int,int)
UnityEditor.AssetPreviewUpdater:CreatePreview (UnityEngine.Object,UnityEngine.Object[],string,int,int)
UnityEditor.AssetPreviewUpdater:CreatePreviewForAsset (UnityEngine.Object,UnityEngine.Object[],string)

[C:\build\output\unity\unity\Modules\Animation\Director\AnimatorControllerPlayable.cpp line 333]

The Animator Controller (frame-3 (1)) you have used is not valid. Animations will not play
UnityEngine.StackTraceUtility:ExtractStackTrace ()
UnityEditor.EditorUtility:InitInstantiatedPreviewRecursive (UnityEngine.GameObject)
UnityEditor.EditorUtility:InstantiateForAnimatorPreview (UnityEngine.Object)
UnityEditor.GameObjectInspector/PreviewData:UpdateGameObject (UnityEngine.Object)
UnityEditor.GameObjectInspector/PreviewData:.ctor (UnityEngine.Object)
UnityEditor.GameObjectInspector:GetPreviewData ()
UnityEditor.GameObjectInspector:RenderStaticPreview (string,UnityEngine.Object[],int,int)
UnityEditor.AssetPreviewUpdater:CreatePreview (UnityEngine.Object,UnityEngine.Object[],string,int,int)
UnityEditor.AssetPreviewUpdater:CreatePreviewForAsset (UnityEngine.Object,UnityEngine.Object[],string)

[C:\build\output\unity\unity\Modules\Animation\Director\AnimatorControllerPlayable.cpp line 333]

 -> (artifact id: 'cf7d112440e06a92eb1ed77d2be69dee') in 0.028165 seconds 
========================================================================
Received Import Request.
  Time since last request: 10.482988 seconds.
  path: Assets/Prefabs/frame-3 (1).controller
  artifactKey: Guid(152ad8cedbe0af349af47e823247125d) Importer(815301076,1909f56bfc062723c751e8b465ee728b)
Start importing Assets/Prefabs/frame-3 (1).controller using Guid(152ad8cedbe0af349af47e823247125d) Importer(815301076,1909f56bfc062723c751e8b465ee728b)  -> (artifact id: '258da8fa22c0bf7026d8d284539499c0') in 0.009875 seconds 
========================================================================
Received Import Request.
  Time since last request: 7.156559 seconds.
  path: Assets/Prefabs/Health.prefab
  artifactKey: Guid(501ea795737970546a6b60321ef1b130) Importer(815301076,1909f56bfc062723c751e8b465ee728b)
Start importing Assets/Prefabs/Health.prefab using Guid(501ea795737970546a6b60321ef1b130) Importer(815301076,1909f56bfc062723c751e8b465ee728b)  -> (artifact id: '55d10263bddbf6befdc9caeae69c0dc5') in 0.020342 seconds 
========================================================================
Received Import Request.
  Time since last request: 0.546365 seconds.
  path: Assets/Prefabs/HealthShimmer.anim
  artifactKey: Guid(f3e49d9b3f504ff4bb1013371a0689c0) Importer(815301076,1909f56bfc062723c751e8b465ee728b)
Start importing Assets/Prefabs/HealthShimmer.anim using Guid(f3e49d9b3f504ff4bb1013371a0689c0) Importer(815301076,1909f56bfc062723c751e8b465ee728b)  -> (artifact id: '118332765c0194a10fa94ce4669ac71f') in 0.011091 seconds 
========================================================================
Received Import Request.
  Time since last request: 65.064650 seconds.
  path: Assets/Prefabs/Health.prefab
  artifactKey: Guid(501ea795737970546a6b60321ef1b130) Importer(815301076,1909f56bfc062723c751e8b465ee728b)
Start importing Assets/Prefabs/Health.prefab using Guid(501ea795737970546a6b60321ef1b130) Importer(815301076,1909f56bfc062723c751e8b465ee728b)  -> (artifact id: '1749461d06a72fc816a62931f8de2860') in 0.014509 seconds 
========================================================================
Received Import Request.
  Time since last request: 14.842892 seconds.
  path: Assets/Prefabs/Health.prefab
  artifactKey: Guid(501ea795737970546a6b60321ef1b130) Importer(815301076,1909f56bfc062723c751e8b465ee728b)
Start importing Assets/Prefabs/Health.prefab using Guid(501ea795737970546a6b60321ef1b130) Importer(815301076,1909f56bfc062723c751e8b465ee728b) The Animator Controller (Health) you have used is not valid. Animations will not play
UnityEngine.StackTraceUtility:ExtractStackTrace ()
UnityEditor.EditorUtility:Internal_InstantiateRemoveAllNonAnimationComponentsSingle (UnityEngine.Object,UnityEngine.Vector3,UnityEngine.Quaternion)
UnityEditor.EditorUtility:InstantiateRemoveAllNonAnimationComponents (UnityEngine.Object,UnityEngine.Vector3,UnityEngine.Quaternion)
UnityEditor.EditorUtility:InstantiateForAnimatorPreview (UnityEngine.Object)
UnityEditor.GameObjectInspector/PreviewData:UpdateGameObject (UnityEngine.Object)
UnityEditor.GameObjectInspector/PreviewData:.ctor (UnityEngine.Object)
UnityEditor.GameObjectInspector:GetPreviewData ()
UnityEditor.GameObjectInspector:RenderStaticPreview (string,UnityEngine.Object[],int,int)
UnityEditor.AssetPreviewUpdater:CreatePreview (UnityEngine.Object,UnityEngine.Object[],string,int,int)
UnityEditor.AssetPreviewUpdater:CreatePreviewForAsset (UnityEngine.Object,UnityEngine.Object[],string)

[C:\build\output\unity\unity\Modules\Animation\Director\AnimatorControllerPlayable.cpp line 333]

The Animator Controller (Health) you have used is not valid. Animations will not play
UnityEngine.StackTraceUtility:ExtractStackTrace ()
UnityEditor.EditorUtility:InitInstantiatedPreviewRecursive (UnityEngine.GameObject)
UnityEditor.EditorUtility:InstantiateForAnimatorPreview (UnityEngine.Object)
UnityEditor.GameObjectInspector/PreviewData:UpdateGameObject (UnityEngine.Object)
UnityEditor.GameObjectInspector/PreviewData:.ctor (UnityEngine.Object)
UnityEditor.GameObjectInspector:GetPreviewData ()
UnityEditor.GameObjectInspector:RenderStaticPreview (string,UnityEngine.Object[],int,int)
UnityEditor.AssetPreviewUpdater:CreatePreview (UnityEngine.Object,UnityEngine.Object[],string,int,int)
UnityEditor.AssetPreviewUpdater:CreatePreviewForAsset (UnityEngine.Object,UnityEngine.Object[],string)

[C:\build\output\unity\unity\Modules\Animation\Director\AnimatorControllerPlayable.cpp line 333]

 -> (artifact id: 'c637e947559d0d192c27509aee1d2d2f') in 0.010594 seconds 
========================================================================
Received Import Request.
  Time since last request: 220.069198 seconds.
  path: Assets/Prefabs/Health.prefab
  artifactKey: Guid(501ea795737970546a6b60321ef1b130) Importer(815301076,1909f56bfc062723c751e8b465ee728b)
Start importing Assets/Prefabs/Health.prefab using Guid(501ea795737970546a6b60321ef1b130) Importer(815301076,1909f56bfc062723c751e8b465ee728b)  -> (artifact id: 'ed65d97edb33884fe15a517de521bedf') in 0.014018 seconds 
========================================================================
Received Import Request.
  Time since last request: 28.767719 seconds.
  path: Assets/Sprites/Player_Shield/Shields_00000.png
  artifactKey: Guid(edfec64986c825f4bac1793742bbcd94) Importer(815301076,1909f56bfc062723c751e8b465ee728b)
Start importing Assets/Sprites/Player_Shield/Shields_00000.png using Guid(edfec64986c825f4bac1793742bbcd94) Importer(815301076,1909f56bfc062723c751e8b465ee728b)  -> (artifact id: '357a8337c6a8e9b90d7ca763a1b4b197') in 0.034526 seconds 
========================================================================
Received Import Request.
  Time since last request: 0.000031 seconds.
  path: Assets/Sprites/Player_Shield/Shields_00012.png
  artifactKey: Guid(e2c2ae0878be21142a3df60727863dc0) Importer(815301076,1909f56bfc062723c751e8b465ee728b)
Start importing Assets/Sprites/Player_Shield/Shields_00012.png using Guid(e2c2ae0878be21142a3df60727863dc0) Importer(815301076,1909f56bfc062723c751e8b465ee728b)  -> (artifact id: '373d432f2387690ab4054f1132a73ef0') in 0.036334 seconds 
========================================================================
Received Import Request.
  Time since last request: 0.000018 seconds.
  path: Assets/Sprites/Player_Shield/Shields_00003.png
  artifactKey: Guid(7c0f15cf3eaa50b40ad9f83e83a5ef8e) Importer(815301076,1909f56bfc062723c751e8b465ee728b)
Start importing Assets/Sprites/Player_Shield/Shields_00003.png using Guid(7c0f15cf3eaa50b40ad9f83e83a5ef8e) Importer(815301076,1909f56bfc062723c751e8b465ee728b)  -> (artifact id: '2db872bc07458c9b83393c0bfa068a5a') in 0.031382 seconds 
========================================================================
Received Import Request.
  Time since last request: 0.000029 seconds.
  path: Assets/Sprites/Player_Shield/Shields_00009.png
  artifactKey: Guid(14d7b52498d55c946bbb048aad30b9bc) Importer(815301076,1909f56bfc062723c751e8b465ee728b)
Start importing Assets/Sprites/Player_Shield/Shields_00009.png using Guid(14d7b52498d55c946bbb048aad30b9bc) Importer(815301076,1909f56bfc062723c751e8b465ee728b)  -> (artifact id: 'bc74ad6a45b8f10de61d6a239bb2a5b7') in 0.032569 seconds 
========================================================================
Received Import Request.
  Time since last request: 0.000025 seconds.
  path: Assets/Sprites/Player_Shield/Shields_00005.png
  artifactKey: Guid(ec52db7c2b08e9847b5a4f41405f247e) Importer(815301076,1909f56bfc062723c751e8b465ee728b)
Start importing Assets/Sprites/Player_Shield/Shields_00005.png using Guid(ec52db7c2b08e9847b5a4f41405f247e) Importer(815301076,1909f56bfc062723c751e8b465ee728b)  -> (artifact id: '92154231dd9f8873244e13ef580b4848') in 0.031538 seconds 
========================================================================
Received Import Request.
  Time since last request: 0.000041 seconds.
  path: Assets/Sprites/Player_Shield/Shields_00015.png
  artifactKey: Guid(5651920ec35e8bd409f4e3cac5eb7bf2) Importer(815301076,1909f56bfc062723c751e8b465ee728b)
Start importing Assets/Sprites/Player_Shield/Shields_00015.png using Guid(5651920ec35e8bd409f4e3cac5eb7bf2) Importer(815301076,1909f56bfc062723c751e8b465ee728b)  -> (artifact id: '043715ec1f7e7d5a69b8a6df396451cf') in 0.030371 seconds 
========================================================================
Received Import Request.
  Time since last request: 0.000025 seconds.
  path: Assets/Sprites/Player_Shield/Shields_00006.png
  artifactKey: Guid(102380714f29fe64188f54073e2b32e5) Importer(815301076,1909f56bfc062723c751e8b465ee728b)
Start importing Assets/Sprites/Player_Shield/Shields_00006.png using Guid(102380714f29fe64188f54073e2b32e5) Importer(815301076,1909f56bfc062723c751e8b465ee728b)  -> (artifact id: 'e3c8c38fda9362e175efce1cfef79ee3') in 0.032780 seconds 
========================================================================
Received Import Request.
  Time since last request: 0.000029 seconds.
  path: Assets/Sprites/Player_Shield/Shields_00013.png
  artifactKey: Guid(446eabfb35609f944bfb0e9febb309fa) Importer(815301076,1909f56bfc062723c751e8b465ee728b)
Start importing Assets/Sprites/Player_Shield/Shields_00013.png using Guid(446eabfb35609f944bfb0e9febb309fa) Importer(815301076,1909f56bfc062723c751e8b465ee728b)  -> (artifact id: '058e9876e0b1a13fe32f57304f516e3c') in 0.033061 seconds 
Editor requested this worker to shutdown with reason: Scaling down because of idle timeout
AssetImportWorker is now disconnected from the server
Process exiting
Exiting without the bug reporter. Application will terminate with return code 0