Using pre-set license
Built from '2021.3/staging' branch; Version is '2021.3.22f1 (b6c551784ba3) revision 11978065'; Using compiler version '192829333'; Build Type 'Release'
OS: 'Windows 10  (10.0.19045) 64bit Core' Language: 'en' Physical Memory: 16301 MB
BatchMode: 1, IsHumanControllingUs: 0, StartBugReporterOnCrash: 0, Is64bit: 1, IsPro: 1

COMMAND LINE ARGUMENTS:
D:\Program Files\Unity\Hub\Editor\2021.3.22f1\Editor\Unity.exe
-adb2
-batchMode
-noUpm
-name
AssetImportWorker0
-projectPath
C:/Users/ItzzG/Desktop/DIG3480 Git/shooter_project/Fighter Planes F24
-logFile
Logs/AssetImportWorker0.log
-srvPort
60577
Successfully changed project path to: C:/Users/ItzzG/Desktop/DIG3480 Git/shooter_project/Fighter Planes F24
C:/Users/ItzzG/Desktop/DIG3480 Git/shooter_project/Fighter Planes F24
[UnityMemory] Configuration Parameters - Can be set up in boot.config
    "memorysetup-bucket-allocator-granularity=16"
    "memorysetup-bucket-allocator-bucket-count=8"
    "memorysetup-bucket-allocator-block-size=33554432"
    "memorysetup-bucket-allocator-block-count=8"
    "memorysetup-main-allocator-block-size=16777216"
    "memorysetup-thread-allocator-block-size=16777216"
    "memorysetup-gfx-main-allocator-block-size=16777216"
    "memorysetup-gfx-thread-allocator-block-size=16777216"
    "memorysetup-cache-allocator-block-size=4194304"
    "memorysetup-typetree-allocator-block-size=2097152"
    "memorysetup-profiler-bucket-allocator-granularity=16"
    "memorysetup-profiler-bucket-allocator-bucket-count=8"
    "memorysetup-profiler-bucket-allocator-block-size=33554432"
    "memorysetup-profiler-bucket-allocator-block-count=8"
    "memorysetup-profiler-allocator-block-size=16777216"
    "memorysetup-profiler-editor-allocator-block-size=1048576"
    "memorysetup-temp-allocator-size-main=16777216"
    "memorysetup-job-temp-allocator-block-size=2097152"
    "memorysetup-job-temp-allocator-block-size-background=1048576"
    "memorysetup-job-temp-allocator-reduction-small-platforms=262144"
    "memorysetup-temp-allocator-size-background-worker=32768"
    "memorysetup-temp-allocator-size-job-worker=262144"
    "memorysetup-temp-allocator-size-preload-manager=33554432"
    "memorysetup-temp-allocator-size-nav-mesh-worker=65536"
    "memorysetup-temp-allocator-size-audio-worker=65536"
    "memorysetup-temp-allocator-size-cloud-worker=32768"
    "memorysetup-temp-allocator-size-gi-baking-worker=262144"
    "memorysetup-temp-allocator-size-gfx=262144"
Player connection [38028] Host "[IP] 11.96.0.90 [Port] 0 [Flags] 2 [Guid] 1840705224 [EditorId] 1840705224 [Version] 1048832 [Id] WindowsEditor(7,DESKTOP-O7SD8NV) [Debug] 1 [PackageName] WindowsEditor [ProjectName] Editor" joined multi-casting on [225.0.0.222:54997]...

Player connection [38028] Host "[IP] 11.96.0.90 [Port] 0 [Flags] 2 [Guid] 1840705224 [EditorId] 1840705224 [Version] 1048832 [Id] WindowsEditor(7,DESKTOP-O7SD8NV) [Debug] 1 [PackageName] WindowsEditor [ProjectName] Editor" joined alternative multi-casting on [225.0.0.222:34997]...

Refreshing native plugins compatible for Editor in 63.26 ms, found 3 plugins.
Preloading 0 native plugins for Editor in 0.00 ms.
Initialize engine version: 2021.3.22f1 (b6c551784ba3)
[Subsystems] Discovering subsystems at path D:/Program Files/Unity/Hub/Editor/2021.3.22f1/Editor/Data/Resources/UnitySubsystems
[Subsystems] Discovering subsystems at path C:/Users/ItzzG/Desktop/DIG3480 Git/shooter_project/Fighter Planes F24/Assets
GfxDevice: creating device client; threaded=0; jobified=0
Direct3D:
    Version:  Direct3D 11.0 [level 11.1]
    Renderer: NVIDIA GeForce RTX 2070 SUPER (ID=0x1e84)
    Vendor:   NVIDIA
    VRAM:     7989 MB
    Driver:   32.0.15.6094
Initialize mono
Mono path[0] = 'D:/Program Files/Unity/Hub/Editor/2021.3.22f1/Editor/Data/Managed'
Mono path[1] = 'D:/Program Files/Unity/Hub/Editor/2021.3.22f1/Editor/Data/MonoBleedingEdge/lib/mono/unityjit-win32'
Mono config path = 'D:/Program Files/Unity/Hub/Editor/2021.3.22f1/Editor/Data/MonoBleedingEdge/etc'
Using monoOptions --debugger-agent=transport=dt_socket,embedding=1,server=y,suspend=n,address=127.0.0.1:56864
Begin MonoManager ReloadAssembly
Registering precompiled unity dll's ...
Register platform support module: D:/Program Files/Unity/Hub/Editor/2021.3.22f1/Editor/Data/PlaybackEngines/WebGLSupport/UnityEditor.WebGL.Extensions.dll
Register platform support module: D:/Program Files/Unity/Hub/Editor/2021.3.22f1/Editor/Data/PlaybackEngines/WindowsStandaloneSupport/UnityEditor.WindowsStandalone.Extensions.dll
Registered in 0.004139 seconds.
Native extension for WindowsStandalone target not found
Native extension for WebGL target not found
Refreshing native plugins compatible for Editor in 68.98 ms, found 3 plugins.
Preloading 0 native plugins for Editor in 0.00 ms.
Mono: successfully reloaded assembly
- Completed reload, in  0.568 seconds
Domain Reload Profiling:
	ReloadAssembly (569ms)
		BeginReloadAssembly (89ms)
			ExecutionOrderSort (0ms)
			DisableScriptedObjects (0ms)
			BackupInstance (0ms)
			ReleaseScriptingObjects (0ms)
			CreateAndSetChildDomain (1ms)
		EndReloadAssembly (401ms)
			LoadAssemblies (88ms)
			RebuildTransferFunctionScriptingTraits (0ms)
			SetupTypeCache (90ms)
			ReleaseScriptCaches (0ms)
			RebuildScriptCaches (23ms)
			SetupLoadedEditorAssemblies (247ms)
				LogAssemblyErrors (0ms)
				InitializePlatformSupportModulesInManaged (7ms)
				SetLoadedEditorAssemblies (0ms)
				RefreshPlugins (69ms)
				BeforeProcessingInitializeOnLoad (1ms)
				ProcessInitializeOnLoadAttributes (125ms)
				ProcessInitializeOnLoadMethodAttributes (45ms)
				AfterProcessingInitializeOnLoad (0ms)
				EditorAssembliesLoaded (0ms)
			ExecutionOrderSort2 (0ms)
			AwakeInstancesAfterBackupRestoration (0ms)
Platform modules already initialized, skipping
Registering precompiled user dll's ...
Registered in 0.006451 seconds.
Begin MonoManager ReloadAssembly
Native extension for WindowsStandalone target not found
Native extension for WebGL target not found
Refreshing native plugins compatible for Editor in 0.60 ms, found 3 plugins.
Preloading 0 native plugins for Editor in 0.00 ms.
Mono: successfully reloaded assembly
- Completed reload, in  0.942 seconds
Domain Reload Profiling:
	ReloadAssembly (943ms)
		BeginReloadAssembly (124ms)
			ExecutionOrderSort (0ms)
			DisableScriptedObjects (6ms)
			BackupInstance (0ms)
			ReleaseScriptingObjects (0ms)
			CreateAndSetChildDomain (19ms)
		EndReloadAssembly (729ms)
			LoadAssemblies (96ms)
			RebuildTransferFunctionScriptingTraits (0ms)
			SetupTypeCache (234ms)
			ReleaseScriptCaches (1ms)
			RebuildScriptCaches (42ms)
			SetupLoadedEditorAssemblies (354ms)
				LogAssemblyErrors (0ms)
				InitializePlatformSupportModulesInManaged (5ms)
				SetLoadedEditorAssemblies (0ms)
				RefreshPlugins (1ms)
				BeforeProcessingInitializeOnLoad (64ms)
				ProcessInitializeOnLoadAttributes (266ms)
				ProcessInitializeOnLoadMethodAttributes (15ms)
				AfterProcessingInitializeOnLoad (3ms)
				EditorAssembliesLoaded (0ms)
			ExecutionOrderSort2 (0ms)
			AwakeInstancesAfterBackupRestoration (6ms)
Platform modules already initialized, skipping
========================================================================
Worker process is ready to serve import requests
Launched and connected shader compiler UnityShaderCompiler.exe after 0.04 seconds
Refreshing native plugins compatible for Editor in 0.65 ms, found 3 plugins.
Preloading 0 native plugins for Editor in 0.00 ms.
Unloading 3088 Unused Serialized files (Serialized files now loaded: 0)
Unloading 23 unused Assets / (56.5 KB). Loaded Objects now: 3549.
Memory consumption went from 110.6 MB to 110.5 MB.
Total: 2.865800 ms (FindLiveObjects: 0.288600 ms CreateObjectMapping: 0.082300 ms MarkObjects: 2.400500 ms  DeleteObjects: 0.093500 ms)

AssetImportParameters requested are different than current active one (requested -> active):
  custom:video-decoder-ogg-theora: a1e56fd34408186e4bbccfd4996cb3dc -> 
  custom:container-muxer-webm: aa71ff27fc2769a1b78a27578f13a17b -> 
  custom:container-demuxer-webm: 4f35f7cbe854078d1ac9338744f61a02 -> 
  custom:video-encoder-webm-vp8: eb34c28f22e8b96e1ab97ce403110664 -> 
  custom:audio-encoder-webm-vorbis: bf7c407c2cedff20999df2af8eb42d56 -> 
  custom:framework-win-MediaFoundation: 216162199b28c13a410421893ffa2e32 -> 
  custom:container-demuxer-ogg: 62fdf1f143b41e24485cea50d1cbac27 -> 
  custom:video-decoder-webm-vp8: 9c59270c3fd7afecdb556c50c9e8de78 -> 
  custom:audio-decoder-ogg-vorbis: bf7c407c2cedff20999df2af8eb42d56 -> 
========================================================================
Received Import Request.
  Time since last request: 269862.931536 seconds.
  path: Assets/Prefabs/Cloud.prefab
  artifactKey: Guid(7a5475a3f727072489cb7e9cd0c70787) Importer(815301076,1909f56bfc062723c751e8b465ee728b)
Start importing Assets/Prefabs/Cloud.prefab using Guid(7a5475a3f727072489cb7e9cd0c70787) Importer(815301076,1909f56bfc062723c751e8b465ee728b)  -> (artifact id: '06b3e0f5413f8ef7f73cd197e60a6f72') in 0.113091 seconds 
========================================================================
Received Import Request.
  Time since last request: 0.000049 seconds.
  path: Assets/Prefabs/Explosion.prefab
  artifactKey: Guid(2d5a9c6137b0b984081abc4ff3157b0e) Importer(815301076,1909f56bfc062723c751e8b465ee728b)
Start importing Assets/Prefabs/Explosion.prefab using Guid(2d5a9c6137b0b984081abc4ff3157b0e) Importer(815301076,1909f56bfc062723c751e8b465ee728b)  -> (artifact id: '0b5b8a7d51e9867fcf15009d96213e50') in 0.156931 seconds 
========================================================================
Received Import Request.
  Time since last request: 41.199438 seconds.
  path: Assets/Sprites/Planes/B-17/Type-1/B-17.png
  artifactKey: Guid(6c37644d534bff842a40895735aabe47) Importer(815301076,1909f56bfc062723c751e8b465ee728b)
Start importing Assets/Sprites/Planes/B-17/Type-1/B-17.png using Guid(6c37644d534bff842a40895735aabe47) Importer(815301076,1909f56bfc062723c751e8b465ee728b)  -> (artifact id: '7f1ce79709233116b559d76e3b1e2659') in 0.044549 seconds 
========================================================================
Received Import Request.
  Time since last request: 0.000024 seconds.
  path: Assets/Sprites/Explosion/Explosion_00005.png
  artifactKey: Guid(5513a86b06c0c7249949032cd7748ee2) Importer(815301076,1909f56bfc062723c751e8b465ee728b)
Start importing Assets/Sprites/Explosion/Explosion_00005.png using Guid(5513a86b06c0c7249949032cd7748ee2) Importer(815301076,1909f56bfc062723c751e8b465ee728b)  -> (artifact id: 'f73ebf1858015de5d4b16861e312c3a9') in 0.054795 seconds 
========================================================================
Received Import Request.
  Time since last request: 0.000029 seconds.
  path: Assets/Sprites/Explosion/Explosion_00023.png
  artifactKey: Guid(17bd233720478eb489e9ef6aaff2b97b) Importer(815301076,1909f56bfc062723c751e8b465ee728b)
Start importing Assets/Sprites/Explosion/Explosion_00023.png using Guid(17bd233720478eb489e9ef6aaff2b97b) Importer(815301076,1909f56bfc062723c751e8b465ee728b)  -> (artifact id: 'e8d402c1dc9f068de11011c8b7a8b903') in 0.057780 seconds 
========================================================================
Received Import Request.
  Time since last request: 0.000029 seconds.
  path: Assets/Sprites/Explosion/Explosion_00010.png
  artifactKey: Guid(98a1c0b858e5cb74291ef75fc75d7d15) Importer(815301076,1909f56bfc062723c751e8b465ee728b)
Start importing Assets/Sprites/Explosion/Explosion_00010.png using Guid(98a1c0b858e5cb74291ef75fc75d7d15) Importer(815301076,1909f56bfc062723c751e8b465ee728b)  -> (artifact id: '26bdb316bae6efaef9bed9a8b27c0735') in 0.066935 seconds 
========================================================================
Received Import Request.
  Time since last request: 0.000040 seconds.
  path: Assets/Sprites/Explosion/Explosion_00002.png
  artifactKey: Guid(bd62cd567b6d96746a610a52491c651b) Importer(815301076,1909f56bfc062723c751e8b465ee728b)
Start importing Assets/Sprites/Explosion/Explosion_00002.png using Guid(bd62cd567b6d96746a610a52491c651b) Importer(815301076,1909f56bfc062723c751e8b465ee728b)  -> (artifact id: '64c35b205948b03eb25a14d29ba0d026') in 0.069455 seconds 
========================================================================
Received Import Request.
  Time since last request: 0.000032 seconds.
  path: Assets/Sprites/Explosion/Explosion_00014.png
  artifactKey: Guid(ad3112550be5fb9449db6f4a80b98fd6) Importer(815301076,1909f56bfc062723c751e8b465ee728b)
Start importing Assets/Sprites/Explosion/Explosion_00014.png using Guid(ad3112550be5fb9449db6f4a80b98fd6) Importer(815301076,1909f56bfc062723c751e8b465ee728b)  -> (artifact id: '59ad2c9d9b87ad9964f46e4907752bc1') in 0.034865 seconds 
========================================================================
Received Import Request.
  Time since last request: 0.000027 seconds.
  path: Assets/Sprites/Explosion/Explosion_00013.png
  artifactKey: Guid(fd160dda106a69c498dd97e047449b4b) Importer(815301076,1909f56bfc062723c751e8b465ee728b)
Start importing Assets/Sprites/Explosion/Explosion_00013.png using Guid(fd160dda106a69c498dd97e047449b4b) Importer(815301076,1909f56bfc062723c751e8b465ee728b)  -> (artifact id: 'cc60806215d3a0c791ab2a3e02459c17') in 0.033983 seconds 
========================================================================
Received Import Request.
  Time since last request: 0.000021 seconds.
  path: Assets/Sprites/Explosion/Explosion_00017.png
  artifactKey: Guid(f81d9e06b5062994487733777956ce03) Importer(815301076,1909f56bfc062723c751e8b465ee728b)
Start importing Assets/Sprites/Explosion/Explosion_00017.png using Guid(f81d9e06b5062994487733777956ce03) Importer(815301076,1909f56bfc062723c751e8b465ee728b)  -> (artifact id: '1f32c1ad51a775dadb097dec6704d6d7') in 0.037484 seconds 
========================================================================
Received Import Request.
  Time since last request: 0.000030 seconds.
  path: Assets/Sprites/Explosion/Explosion_00021.png
  artifactKey: Guid(3012ef794ba4e2c4eb8cd31ff4d204fc) Importer(815301076,1909f56bfc062723c751e8b465ee728b)
Start importing Assets/Sprites/Explosion/Explosion_00021.png using Guid(3012ef794ba4e2c4eb8cd31ff4d204fc) Importer(815301076,1909f56bfc062723c751e8b465ee728b)  -> (artifact id: '2646f6de59f5623eb07f802b694cd30f') in 0.034059 seconds 
========================================================================
Received Import Request.
  Time since last request: 0.927896 seconds.
  path: Assets/Sprites/Explosion/Explosion_00026.png
  artifactKey: Guid(3d72ae9cbcdb5d243b55f2cdcae43f1b) Importer(815301076,1909f56bfc062723c751e8b465ee728b)
Start importing Assets/Sprites/Explosion/Explosion_00026.png using Guid(3d72ae9cbcdb5d243b55f2cdcae43f1b) Importer(815301076,1909f56bfc062723c751e8b465ee728b)  -> (artifact id: '82e05f27e95038b4edbe4c4b2b6fc063') in 0.039610 seconds 
========================================================================
Received Import Request.
  Time since last request: 0.000024 seconds.
  path: Assets/Sprites/Explosion/Explosion_00029.png
  artifactKey: Guid(8d6043d903dfaad47a6e5814a1a5083a) Importer(815301076,1909f56bfc062723c751e8b465ee728b)
Start importing Assets/Sprites/Explosion/Explosion_00029.png using Guid(8d6043d903dfaad47a6e5814a1a5083a) Importer(815301076,1909f56bfc062723c751e8b465ee728b)  -> (artifact id: 'f15a0c4133871323e6f96f6ca63a7f4c') in 0.040119 seconds 
========================================================================
Received Import Request.
  Time since last request: 0.277799 seconds.
  path: Assets/Sprites/Explosion/Explosion_00031.png
  artifactKey: Guid(501224271cf9a7b439011963857221ea) Importer(815301076,1909f56bfc062723c751e8b465ee728b)
Start importing Assets/Sprites/Explosion/Explosion_00031.png using Guid(501224271cf9a7b439011963857221ea) Importer(815301076,1909f56bfc062723c751e8b465ee728b)  -> (artifact id: 'fc869f178882bf53b24350cceb81ca5f') in 0.039359 seconds 
========================================================================
Received Import Request.
  Time since last request: 0.000029 seconds.
  path: Assets/Sprites/Explosion/Explosion_00037.png
  artifactKey: Guid(8708e9f56a3c6c148952f7610c1c23ad) Importer(815301076,1909f56bfc062723c751e8b465ee728b)
Start importing Assets/Sprites/Explosion/Explosion_00037.png using Guid(8708e9f56a3c6c148952f7610c1c23ad) Importer(815301076,1909f56bfc062723c751e8b465ee728b)  -> (artifact id: 'ffdd13df7d7513901c82c5cd0daccec2') in 0.047382 seconds 
========================================================================
Received Import Request.
  Time since last request: 0.000027 seconds.
  path: Assets/Sprites/Explosion/Explosion_00038.png
  artifactKey: Guid(7ef9d02dc89fbf14da4786431d8c30c1) Importer(815301076,1909f56bfc062723c751e8b465ee728b)
Start importing Assets/Sprites/Explosion/Explosion_00038.png using Guid(7ef9d02dc89fbf14da4786431d8c30c1) Importer(815301076,1909f56bfc062723c751e8b465ee728b)  -> (artifact id: '9094baee2f4f9a21a5e1ae115638e1ef') in 0.048631 seconds 
========================================================================
Received Import Request.
  Time since last request: 0.000028 seconds.
  path: Assets/Sprites/Explosion/Explosion_00036.png
  artifactKey: Guid(0ed6ed1f7c16ded4aa08c0194a6e4ee6) Importer(815301076,1909f56bfc062723c751e8b465ee728b)
Start importing Assets/Sprites/Explosion/Explosion_00036.png using Guid(0ed6ed1f7c16ded4aa08c0194a6e4ee6) Importer(815301076,1909f56bfc062723c751e8b465ee728b)  -> (artifact id: '4af8f6ea4062a63026eb0e0daa51d82a') in 0.043856 seconds 
========================================================================
Received Import Request.
  Time since last request: 0.000029 seconds.
  path: Assets/Sprites/Explosion/Explosion_00043.png
  artifactKey: Guid(a19d07d5a24800e4f988682c0279b6af) Importer(815301076,1909f56bfc062723c751e8b465ee728b)
Start importing Assets/Sprites/Explosion/Explosion_00043.png using Guid(a19d07d5a24800e4f988682c0279b6af) Importer(815301076,1909f56bfc062723c751e8b465ee728b)  -> (artifact id: '806ff95f5d313c5c8e24f3541fa13a66') in 0.048445 seconds 
========================================================================
Received Import Request.
  Time since last request: 0.204446 seconds.
  path: Assets/Sprites/Explosion/Explosion_00046.png
  artifactKey: Guid(efb13e81c207c664f967884c13391c7f) Importer(815301076,1909f56bfc062723c751e8b465ee728b)
Start importing Assets/Sprites/Explosion/Explosion_00046.png using Guid(efb13e81c207c664f967884c13391c7f) Importer(815301076,1909f56bfc062723c751e8b465ee728b)  -> (artifact id: '5dc892409856519f85b030c4fade413c') in 0.041265 seconds 
========================================================================
Received Import Request.
  Time since last request: 0.000022 seconds.
  path: Assets/Sprites/Explosion/Explosion_00053.png
  artifactKey: Guid(70e22118f3a0b7b4d805337d54fb55a1) Importer(815301076,1909f56bfc062723c751e8b465ee728b)
Start importing Assets/Sprites/Explosion/Explosion_00053.png using Guid(70e22118f3a0b7b4d805337d54fb55a1) Importer(815301076,1909f56bfc062723c751e8b465ee728b)  -> (artifact id: 'd610a469a225aa0e5c3125e3e0bf31a9') in 0.044487 seconds 
========================================================================
Received Import Request.
  Time since last request: 0.000028 seconds.
  path: Assets/Sprites/Explosion/Explosion_00062.png
  artifactKey: Guid(f6c90df5c13718442a75e702d92266b4) Importer(815301076,1909f56bfc062723c751e8b465ee728b)
Start importing Assets/Sprites/Explosion/Explosion_00062.png using Guid(f6c90df5c13718442a75e702d92266b4) Importer(815301076,1909f56bfc062723c751e8b465ee728b)  -> (artifact id: '716f3b97efda85c660964ba97b254ad2') in 0.044233 seconds 
========================================================================
Received Import Request.
  Time since last request: 0.000023 seconds.
  path: Assets/Sprites/Explosion/Explosion_00058.png
  artifactKey: Guid(091d3201775721c45acd13044144633d) Importer(815301076,1909f56bfc062723c751e8b465ee728b)
Start importing Assets/Sprites/Explosion/Explosion_00058.png using Guid(091d3201775721c45acd13044144633d) Importer(815301076,1909f56bfc062723c751e8b465ee728b)  -> (artifact id: '9d024d40fe07954a03a380a31f1a35b0') in 0.041447 seconds 
========================================================================
Received Import Request.
  Time since last request: 0.000025 seconds.
  path: Assets/Sprites/Explosion/Explosion_00048.png
  artifactKey: Guid(60abeb1c8014c474c8bf194b8e3698c7) Importer(815301076,1909f56bfc062723c751e8b465ee728b)
Start importing Assets/Sprites/Explosion/Explosion_00048.png using Guid(60abeb1c8014c474c8bf194b8e3698c7) Importer(815301076,1909f56bfc062723c751e8b465ee728b)  -> (artifact id: 'fc8f18a34f34de060013e4be9d75377d') in 0.044089 seconds 
========================================================================
Received Import Request.
  Time since last request: 0.000029 seconds.
  path: Assets/Sprites/Explosion/Explosion_00057.png
  artifactKey: Guid(645346f8ba754cd45b773e64bf1382d0) Importer(815301076,1909f56bfc062723c751e8b465ee728b)
Start importing Assets/Sprites/Explosion/Explosion_00057.png using Guid(645346f8ba754cd45b773e64bf1382d0) Importer(815301076,1909f56bfc062723c751e8b465ee728b)  -> (artifact id: '11cce7823bb22f44cc35ae421c188215') in 0.043671 seconds 
========================================================================
Received Import Request.
  Time since last request: 0.000024 seconds.
  path: Assets/Sprites/Explosion/Explosion_00049.png
  artifactKey: Guid(5854a77e0fb805840acde1b404bfd82f) Importer(815301076,1909f56bfc062723c751e8b465ee728b)
Start importing Assets/Sprites/Explosion/Explosion_00049.png using Guid(5854a77e0fb805840acde1b404bfd82f) Importer(815301076,1909f56bfc062723c751e8b465ee728b)  -> (artifact id: 'a0954406dfe35f2ff16342405a19c207') in 0.045957 seconds 
========================================================================
Received Import Request.
  Time since last request: 0.069733 seconds.
  path: Assets/Sprites/Explosion/Explosion_00066.png
  artifactKey: Guid(22e6302fe55e4b948a5873aff467b2a4) Importer(815301076,1909f56bfc062723c751e8b465ee728b)
Start importing Assets/Sprites/Explosion/Explosion_00066.png using Guid(22e6302fe55e4b948a5873aff467b2a4) Importer(815301076,1909f56bfc062723c751e8b465ee728b)  -> (artifact id: '217a71ff917b70deea97a1179ead866b') in 0.038056 seconds 
========================================================================
Received Import Request.
  Time since last request: 0.000027 seconds.
  path: Assets/Sprites/Explosion/Explosion_00068.png
  artifactKey: Guid(ac9f28696546f8f4f98ac291dfb66527) Importer(815301076,1909f56bfc062723c751e8b465ee728b)
Start importing Assets/Sprites/Explosion/Explosion_00068.png using Guid(ac9f28696546f8f4f98ac291dfb66527) Importer(815301076,1909f56bfc062723c751e8b465ee728b)  -> (artifact id: 'f6486768904cf18141eb7674fb53c971') in 0.043490 seconds 
========================================================================
Received Import Request.
  Time since last request: 0.033714 seconds.
  path: Assets/Sprites/Explosion/Explosion_00071.png
  artifactKey: Guid(507d95e0ab84bc242a606e9787315103) Importer(815301076,1909f56bfc062723c751e8b465ee728b)
Start importing Assets/Sprites/Explosion/Explosion_00071.png using Guid(507d95e0ab84bc242a606e9787315103) Importer(815301076,1909f56bfc062723c751e8b465ee728b)  -> (artifact id: '89eeab2e69a9a96eedde74b0cec04eaf') in 0.038791 seconds 
========================================================================
Received Import Request.
  Time since last request: 0.000032 seconds.
  path: Assets/Sprites/Explosion/Explosion_00074.png
  artifactKey: Guid(b806210b87251d54d9f52491ee17d780) Importer(815301076,1909f56bfc062723c751e8b465ee728b)
Start importing Assets/Sprites/Explosion/Explosion_00074.png using Guid(b806210b87251d54d9f52491ee17d780) Importer(815301076,1909f56bfc062723c751e8b465ee728b)  -> (artifact id: '523f16b2330e09e513c41ac91b54725d') in 0.039458 seconds 
========================================================================
Received Import Request.
  Time since last request: 0.252795 seconds.
  path: Assets/Sprites/Explosion/Explosion_00076.png
  artifactKey: Guid(bc75960839d1ddd4891657e26463197c) Importer(815301076,1909f56bfc062723c751e8b465ee728b)
Start importing Assets/Sprites/Explosion/Explosion_00076.png using Guid(bc75960839d1ddd4891657e26463197c) Importer(815301076,1909f56bfc062723c751e8b465ee728b)  -> (artifact id: '64d1ef58e412b6d70fb105189e747687') in 0.038225 seconds 
========================================================================
Received Import Request.
  Time since last request: 0.000026 seconds.
  path: Assets/Sprites/Explosion/Explosion_00081.png
  artifactKey: Guid(a5f2292f3fe014e4fab99a2b1f3eec46) Importer(815301076,1909f56bfc062723c751e8b465ee728b)
Start importing Assets/Sprites/Explosion/Explosion_00081.png using Guid(a5f2292f3fe014e4fab99a2b1f3eec46) Importer(815301076,1909f56bfc062723c751e8b465ee728b)  -> (artifact id: '57c8dc214b7f054e2314bec9ac9a91f3') in 0.040285 seconds 
========================================================================
Received Import Request.
  Time since last request: 0.000049 seconds.
  path: Assets/Sprites/Explosion/Explosion_00080.png
  artifactKey: Guid(9ea300276a04aa441b9a085b49e32f89) Importer(815301076,1909f56bfc062723c751e8b465ee728b)
Start importing Assets/Sprites/Explosion/Explosion_00080.png using Guid(9ea300276a04aa441b9a085b49e32f89) Importer(815301076,1909f56bfc062723c751e8b465ee728b)  -> (artifact id: '2f7213c31a02b1d1b8419ba9c23f9adc') in 0.039316 seconds 
========================================================================
Received Import Request.
  Time since last request: 0.000020 seconds.
  path: Assets/Sprites/Explosion/Explosion_00084.png
  artifactKey: Guid(4709d00723725814dbfc0f0d03c9ff4c) Importer(815301076,1909f56bfc062723c751e8b465ee728b)
Start importing Assets/Sprites/Explosion/Explosion_00084.png using Guid(4709d00723725814dbfc0f0d03c9ff4c) Importer(815301076,1909f56bfc062723c751e8b465ee728b)  -> (artifact id: '56c7e75fc220d372a5c6fdc6e7061c2c') in 0.037544 seconds 
========================================================================
Received Import Request.
  Time since last request: 0.000027 seconds.
  path: Assets/Sprites/Explosion/Explosion_00089.png
  artifactKey: Guid(a7c6658ab9b722346b054212ce8b514e) Importer(815301076,1909f56bfc062723c751e8b465ee728b)
Start importing Assets/Sprites/Explosion/Explosion_00089.png using Guid(a7c6658ab9b722346b054212ce8b514e) Importer(815301076,1909f56bfc062723c751e8b465ee728b)  -> (artifact id: 'f158501441eebc968cafdc63c3915ae5') in 0.039078 seconds 
========================================================================
Received Import Request.
  Time since last request: 0.085596 seconds.
  path: Assets/Sprites/Explosion/Explosion_00091.png
  artifactKey: Guid(f499b059c7382d74092f75be82877f04) Importer(815301076,1909f56bfc062723c751e8b465ee728b)
Start importing Assets/Sprites/Explosion/Explosion_00091.png using Guid(f499b059c7382d74092f75be82877f04) Importer(815301076,1909f56bfc062723c751e8b465ee728b)  -> (artifact id: 'cf370106a8299cc16f8d269e7b2007b7') in 0.037690 seconds 
========================================================================
Received Import Request.
  Time since last request: 0.296825 seconds.
  path: Assets/Sprites/Explosion/Explosion_00096.png
  artifactKey: Guid(b1526f7f74f09574b95f6cecd8107cff) Importer(815301076,1909f56bfc062723c751e8b465ee728b)
Start importing Assets/Sprites/Explosion/Explosion_00096.png using Guid(b1526f7f74f09574b95f6cecd8107cff) Importer(815301076,1909f56bfc062723c751e8b465ee728b)  -> (artifact id: '9f54098648b864dd480901f181aa6f72') in 0.046184 seconds 
========================================================================
Received Import Request.
  Time since last request: 0.000026 seconds.
  path: Assets/Sprites/Explosion/Explosion_00103.png
  artifactKey: Guid(9e2455110bcecc543956604ff2b1fed9) Importer(815301076,1909f56bfc062723c751e8b465ee728b)
Start importing Assets/Sprites/Explosion/Explosion_00103.png using Guid(9e2455110bcecc543956604ff2b1fed9) Importer(815301076,1909f56bfc062723c751e8b465ee728b)  -> (artifact id: 'c2ac774789dc1a384898256b2032c2c7') in 0.046047 seconds 
========================================================================
Received Import Request.
  Time since last request: 0.000031 seconds.
  path: Assets/Sprites/Explosion/Explosion_00108.png
  artifactKey: Guid(0f8aa0a59ca97bb4b868dac72f0a6545) Importer(815301076,1909f56bfc062723c751e8b465ee728b)
Start importing Assets/Sprites/Explosion/Explosion_00108.png using Guid(0f8aa0a59ca97bb4b868dac72f0a6545) Importer(815301076,1909f56bfc062723c751e8b465ee728b)  -> (artifact id: '23f07c229f20dbd8526258bf09a2aac9') in 0.042705 seconds 
========================================================================
Received Import Request.
  Time since last request: 0.431734 seconds.
  path: Assets/Sprites/Explosion/Explosion_00112.png
  artifactKey: Guid(b4ee36175144964448bd4b68aa613dc4) Importer(815301076,1909f56bfc062723c751e8b465ee728b)
Start importing Assets/Sprites/Explosion/Explosion_00112.png using Guid(b4ee36175144964448bd4b68aa613dc4) Importer(815301076,1909f56bfc062723c751e8b465ee728b)  -> (artifact id: '7181bf6cb2a150e2de8f7825dc84693e') in 0.030246 seconds 
========================================================================
Received Import Request.
  Time since last request: 0.053373 seconds.
  path: Assets/Sprites/Explosion/Explosion_00117.png
  artifactKey: Guid(787c152913826da408b8b1b9e0ec8c6b) Importer(815301076,1909f56bfc062723c751e8b465ee728b)
Start importing Assets/Sprites/Explosion/Explosion_00117.png using Guid(787c152913826da408b8b1b9e0ec8c6b) Importer(815301076,1909f56bfc062723c751e8b465ee728b)  -> (artifact id: '01eb9ccf1d2c6faf32c9a9dddeb0cd3c') in 0.029727 seconds 
========================================================================
Received Import Request.
  Time since last request: 0.346389 seconds.
  path: Assets/Sprites/Explosion/Explosion_00122.png
  artifactKey: Guid(606321d419d8c804895fb868392e9f2e) Importer(815301076,1909f56bfc062723c751e8b465ee728b)
Start importing Assets/Sprites/Explosion/Explosion_00122.png using Guid(606321d419d8c804895fb868392e9f2e) Importer(815301076,1909f56bfc062723c751e8b465ee728b)  -> (artifact id: '1576fee1572aea9bf70e9d7672470670') in 0.034831 seconds 
========================================================================
Received Import Request.
  Time since last request: 0.034790 seconds.
  path: Assets/Sprites/Explosion/Explosion_00130.png
  artifactKey: Guid(5e6c299c8c9d50847ad0f2b05f9fb7aa) Importer(815301076,1909f56bfc062723c751e8b465ee728b)
Start importing Assets/Sprites/Explosion/Explosion_00130.png using Guid(5e6c299c8c9d50847ad0f2b05f9fb7aa) Importer(815301076,1909f56bfc062723c751e8b465ee728b)  -> (artifact id: '012ef2a9312e090cb351593248483432') in 0.031478 seconds 
========================================================================
Received Import Request.
  Time since last request: 0.000026 seconds.
  path: Assets/Sprites/Explosion/Explosion_00136.png
  artifactKey: Guid(68a53a95990f27848863022b87d2e266) Importer(815301076,1909f56bfc062723c751e8b465ee728b)
Start importing Assets/Sprites/Explosion/Explosion_00136.png using Guid(68a53a95990f27848863022b87d2e266) Importer(815301076,1909f56bfc062723c751e8b465ee728b)  -> (artifact id: 'f13b062351502202d83040de7770820d') in 0.037398 seconds 
========================================================================
Received Import Request.
  Time since last request: 0.208316 seconds.
  path: Assets/Sprites/Explosion/Explosion_00142.png
  artifactKey: Guid(deae5543e8cf1e9418a228a7eb110c2f) Importer(815301076,1909f56bfc062723c751e8b465ee728b)
Start importing Assets/Sprites/Explosion/Explosion_00142.png using Guid(deae5543e8cf1e9418a228a7eb110c2f) Importer(815301076,1909f56bfc062723c751e8b465ee728b)  -> (artifact id: 'a212d2f737e335d163527d63f437798e') in 0.026662 seconds 
========================================================================
Received Import Request.
  Time since last request: 0.331636 seconds.
  path: Assets/Sprites/Explosion/Explosion_00147.png
  artifactKey: Guid(89eb36e747041ef4cb354375ad5d39e8) Importer(815301076,1909f56bfc062723c751e8b465ee728b)
Start importing Assets/Sprites/Explosion/Explosion_00147.png using Guid(89eb36e747041ef4cb354375ad5d39e8) Importer(815301076,1909f56bfc062723c751e8b465ee728b)  -> (artifact id: 'd8bd722dbee198e664e939afc0476c42') in 0.027060 seconds 
========================================================================
Received Import Request.
  Time since last request: 0.312081 seconds.
  path: Assets/Sprites/Explosion/Explosion_00157.png
  artifactKey: Guid(d65dfa89f678ce9419664de5b8e791cb) Importer(815301076,1909f56bfc062723c751e8b465ee728b)
Start importing Assets/Sprites/Explosion/Explosion_00157.png using Guid(d65dfa89f678ce9419664de5b8e791cb) Importer(815301076,1909f56bfc062723c751e8b465ee728b)  -> (artifact id: '5200d5c9d9b18e769dbeeff353ad2802') in 0.058279 seconds 
========================================================================
Received Import Request.
  Time since last request: 51.382731 seconds.
  path: Assets/Sprites/Coin/frame-3.png
  artifactKey: Guid(0a0101d1a5e2ea941818ee497f719d4d) Importer(815301076,1909f56bfc062723c751e8b465ee728b)
Start importing Assets/Sprites/Coin/frame-3.png using Guid(0a0101d1a5e2ea941818ee497f719d4d) Importer(815301076,1909f56bfc062723c751e8b465ee728b)  -> (artifact id: '5f966e1c2d92f8ac5087b3080924f9fa') in 0.028988 seconds 
Editor requested this worker to shutdown with reason: Scaling down because of idle timeout
AssetImportWorker is now disconnected from the server
Process exiting
Exiting without the bug reporter. Application will terminate with return code 0