Using pre-set license
Built from '2021.3/staging' branch; Version is '2021.3.22f1 (b6c551784ba3) revision 11978065'; Using compiler version '192829333'; Build Type 'Release'
OS: 'Windows 10  (10.0.19045) 64bit Core' Language: 'en' Physical Memory: 16301 MB
BatchMode: 1, IsHumanControllingUs: 0, StartBugReporterOnCrash: 0, Is64bit: 1, IsPro: 1

COMMAND LINE ARGUMENTS:
D:\Program Files\Unity\Hub\Editor\2021.3.22f1\Editor\Unity.exe
-adb2
-batchMode
-noUpm
-name
AssetImportWorker3
-projectPath
C:/Users/ItzzG/Desktop/DIG3480 Git/shooter_project/Fighter Planes F24
-logFile
Logs/AssetImportWorker3.log
-srvPort
60577
Successfully changed project path to: C:/Users/ItzzG/Desktop/DIG3480 Git/shooter_project/Fighter Planes F24
C:/Users/ItzzG/Desktop/DIG3480 Git/shooter_project/Fighter Planes F24
[UnityMemory] Configuration Parameters - Can be set up in boot.config
    "memorysetup-bucket-allocator-granularity=16"
    "memorysetup-bucket-allocator-bucket-count=8"
    "memorysetup-bucket-allocator-block-size=33554432"
    "memorysetup-bucket-allocator-block-count=8"
    "memorysetup-main-allocator-block-size=16777216"
    "memorysetup-thread-allocator-block-size=16777216"
    "memorysetup-gfx-main-allocator-block-size=16777216"
    "memorysetup-gfx-thread-allocator-block-size=16777216"
    "memorysetup-cache-allocator-block-size=4194304"
    "memorysetup-typetree-allocator-block-size=2097152"
    "memorysetup-profiler-bucket-allocator-granularity=16"
    "memorysetup-profiler-bucket-allocator-bucket-count=8"
    "memorysetup-profiler-bucket-allocator-block-size=33554432"
    "memorysetup-profiler-bucket-allocator-block-count=8"
    "memorysetup-profiler-allocator-block-size=16777216"
    "memorysetup-profiler-editor-allocator-block-size=1048576"
    "memorysetup-temp-allocator-size-main=16777216"
    "memorysetup-job-temp-allocator-block-size=2097152"
    "memorysetup-job-temp-allocator-block-size-background=1048576"
    "memorysetup-job-temp-allocator-reduction-small-platforms=262144"
    "memorysetup-temp-allocator-size-background-worker=32768"
    "memorysetup-temp-allocator-size-job-worker=262144"
    "memorysetup-temp-allocator-size-preload-manager=33554432"
    "memorysetup-temp-allocator-size-nav-mesh-worker=65536"
    "memorysetup-temp-allocator-size-audio-worker=65536"
    "memorysetup-temp-allocator-size-cloud-worker=32768"
    "memorysetup-temp-allocator-size-gi-baking-worker=262144"
    "memorysetup-temp-allocator-size-gfx=262144"
Player connection [30560] Host "[IP] 11.96.0.90 [Port] 0 [Flags] 2 [Guid] 1387168432 [EditorId] 1387168432 [Version] 1048832 [Id] WindowsEditor(7,DESKTOP-O7SD8NV) [Debug] 1 [PackageName] WindowsEditor [ProjectName] Editor" joined multi-casting on [225.0.0.222:54997]...

Player connection [30560] Host "[IP] 11.96.0.90 [Port] 0 [Flags] 2 [Guid] 1387168432 [EditorId] 1387168432 [Version] 1048832 [Id] WindowsEditor(7,DESKTOP-O7SD8NV) [Debug] 1 [PackageName] WindowsEditor [ProjectName] Editor" joined alternative multi-casting on [225.0.0.222:34997]...

Refreshing native plugins compatible for Editor in 83.93 ms, found 3 plugins.
Preloading 0 native plugins for Editor in 0.00 ms.
Initialize engine version: 2021.3.22f1 (b6c551784ba3)
[Subsystems] Discovering subsystems at path D:/Program Files/Unity/Hub/Editor/2021.3.22f1/Editor/Data/Resources/UnitySubsystems
[Subsystems] Discovering subsystems at path C:/Users/ItzzG/Desktop/DIG3480 Git/shooter_project/Fighter Planes F24/Assets
GfxDevice: creating device client; threaded=0; jobified=0
Direct3D:
    Version:  Direct3D 11.0 [level 11.1]
    Renderer: NVIDIA GeForce RTX 2070 SUPER (ID=0x1e84)
    Vendor:   NVIDIA
    VRAM:     7989 MB
    Driver:   32.0.15.6094
Initialize mono
Mono path[0] = 'D:/Program Files/Unity/Hub/Editor/2021.3.22f1/Editor/Data/Managed'
Mono path[1] = 'D:/Program Files/Unity/Hub/Editor/2021.3.22f1/Editor/Data/MonoBleedingEdge/lib/mono/unityjit-win32'
Mono config path = 'D:/Program Files/Unity/Hub/Editor/2021.3.22f1/Editor/Data/MonoBleedingEdge/etc'
Using monoOptions --debugger-agent=transport=dt_socket,embedding=1,server=y,suspend=n,address=127.0.0.1:56320
Begin MonoManager ReloadAssembly
Registering precompiled unity dll's ...
Register platform support module: D:/Program Files/Unity/Hub/Editor/2021.3.22f1/Editor/Data/PlaybackEngines/WebGLSupport/UnityEditor.WebGL.Extensions.dll
Register platform support module: D:/Program Files/Unity/Hub/Editor/2021.3.22f1/Editor/Data/PlaybackEngines/WindowsStandaloneSupport/UnityEditor.WindowsStandalone.Extensions.dll
Registered in 0.004203 seconds.
Native extension for WindowsStandalone target not found
Native extension for WebGL target not found
Refreshing native plugins compatible for Editor in 81.09 ms, found 3 plugins.
Preloading 0 native plugins for Editor in 0.00 ms.
Mono: successfully reloaded assembly
- Completed reload, in  0.658 seconds
Domain Reload Profiling:
	ReloadAssembly (658ms)
		BeginReloadAssembly (104ms)
			ExecutionOrderSort (0ms)
			DisableScriptedObjects (0ms)
			BackupInstance (0ms)
			ReleaseScriptingObjects (0ms)
			CreateAndSetChildDomain (1ms)
		EndReloadAssembly (468ms)
			LoadAssemblies (104ms)
			RebuildTransferFunctionScriptingTraits (0ms)
			SetupTypeCache (115ms)
			ReleaseScriptCaches (0ms)
			RebuildScriptCaches (24ms)
			SetupLoadedEditorAssemblies (280ms)
				LogAssemblyErrors (0ms)
				InitializePlatformSupportModulesInManaged (8ms)
				SetLoadedEditorAssemblies (0ms)
				RefreshPlugins (81ms)
				BeforeProcessingInitializeOnLoad (1ms)
				ProcessInitializeOnLoadAttributes (137ms)
				ProcessInitializeOnLoadMethodAttributes (52ms)
				AfterProcessingInitializeOnLoad (0ms)
				EditorAssembliesLoaded (0ms)
			ExecutionOrderSort2 (0ms)
			AwakeInstancesAfterBackupRestoration (0ms)
Platform modules already initialized, skipping
Registering precompiled user dll's ...
Registered in 0.008546 seconds.
Begin MonoManager ReloadAssembly
Native extension for WindowsStandalone target not found
Native extension for WebGL target not found
Refreshing native plugins compatible for Editor in 0.52 ms, found 3 plugins.
Preloading 0 native plugins for Editor in 0.00 ms.
Mono: successfully reloaded assembly
- Completed reload, in  1.170 seconds
Domain Reload Profiling:
	ReloadAssembly (1171ms)
		BeginReloadAssembly (157ms)
			ExecutionOrderSort (0ms)
			DisableScriptedObjects (7ms)
			BackupInstance (0ms)
			ReleaseScriptingObjects (0ms)
			CreateAndSetChildDomain (32ms)
		EndReloadAssembly (882ms)
			LoadAssemblies (111ms)
			RebuildTransferFunctionScriptingTraits (0ms)
			SetupTypeCache (293ms)
			ReleaseScriptCaches (1ms)
			RebuildScriptCaches (43ms)
			SetupLoadedEditorAssemblies (437ms)
				LogAssemblyErrors (0ms)
				InitializePlatformSupportModulesInManaged (5ms)
				SetLoadedEditorAssemblies (0ms)
				RefreshPlugins (1ms)
				BeforeProcessingInitializeOnLoad (63ms)
				ProcessInitializeOnLoadAttributes (342ms)
				ProcessInitializeOnLoadMethodAttributes (22ms)
				AfterProcessingInitializeOnLoad (4ms)
				EditorAssembliesLoaded (0ms)
			ExecutionOrderSort2 (0ms)
			AwakeInstancesAfterBackupRestoration (7ms)
Platform modules already initialized, skipping
========================================================================
Worker process is ready to serve import requests
Launched and connected shader compiler UnityShaderCompiler.exe after 0.07 seconds
Refreshing native plugins compatible for Editor in 1.07 ms, found 3 plugins.
Preloading 0 native plugins for Editor in 0.00 ms.
Unloading 3088 Unused Serialized files (Serialized files now loaded: 0)
Unloading 23 unused Assets / (56.5 KB). Loaded Objects now: 3549.
Memory consumption went from 110.7 MB to 110.6 MB.
Total: 6.101500 ms (FindLiveObjects: 0.585000 ms CreateObjectMapping: 0.138000 ms MarkObjects: 5.241500 ms  DeleteObjects: 0.135300 ms)

AssetImportParameters requested are different than current active one (requested -> active):
  custom:video-decoder-ogg-theora: a1e56fd34408186e4bbccfd4996cb3dc -> 
  custom:container-muxer-webm: aa71ff27fc2769a1b78a27578f13a17b -> 
  custom:container-demuxer-webm: 4f35f7cbe854078d1ac9338744f61a02 -> 
  custom:video-encoder-webm-vp8: eb34c28f22e8b96e1ab97ce403110664 -> 
  custom:audio-encoder-webm-vorbis: bf7c407c2cedff20999df2af8eb42d56 -> 
  custom:framework-win-MediaFoundation: 216162199b28c13a410421893ffa2e32 -> 
  custom:container-demuxer-ogg: 62fdf1f143b41e24485cea50d1cbac27 -> 
  custom:video-decoder-webm-vp8: 9c59270c3fd7afecdb556c50c9e8de78 -> 
  custom:audio-decoder-ogg-vorbis: bf7c407c2cedff20999df2af8eb42d56 -> 
========================================================================
Received Import Request.
  Time since last request: 269908.227637 seconds.
  path: Assets/Sprites/Explosion/Explosion_00102.png
  artifactKey: Guid(c5d3b8a84e145d5469d9952d602a28af) Importer(815301076,1909f56bfc062723c751e8b465ee728b)
Start importing Assets/Sprites/Explosion/Explosion_00102.png using Guid(c5d3b8a84e145d5469d9952d602a28af) Importer(815301076,1909f56bfc062723c751e8b465ee728b)  -> (artifact id: '9360286004aac5d64a5d889a4b116f5b') in 0.180410 seconds 
========================================================================
Received Import Request.
  Time since last request: 0.845664 seconds.
  path: Assets/Sprites/Explosion/Explosion_00125.png
  artifactKey: Guid(6a025a7e6944b294ca475c33aa855f76) Importer(815301076,1909f56bfc062723c751e8b465ee728b)
Start importing Assets/Sprites/Explosion/Explosion_00125.png using Guid(6a025a7e6944b294ca475c33aa855f76) Importer(815301076,1909f56bfc062723c751e8b465ee728b)  -> (artifact id: '823314524e2410e5e77dddc5ea7428b5') in 0.060622 seconds 
========================================================================
Received Import Request.
  Time since last request: 0.009128 seconds.
  path: Assets/Sprites/Explosion/Explosion_00135.png
  artifactKey: Guid(8176545c1a5f11e4fbdc1f1d6204f8ec) Importer(815301076,1909f56bfc062723c751e8b465ee728b)
Start importing Assets/Sprites/Explosion/Explosion_00135.png using Guid(8176545c1a5f11e4fbdc1f1d6204f8ec) Importer(815301076,1909f56bfc062723c751e8b465ee728b)  -> (artifact id: '4a81547bb10df064043eb11372c1c2ad') in 0.034884 seconds 
========================================================================
Received Import Request.
  Time since last request: 0.000031 seconds.
  path: Assets/Sprites/Explosion/Explosion_00138.png
  artifactKey: Guid(a047a27a9fddf1349830e4aafc1e92f1) Importer(815301076,1909f56bfc062723c751e8b465ee728b)
Start importing Assets/Sprites/Explosion/Explosion_00138.png using Guid(a047a27a9fddf1349830e4aafc1e92f1) Importer(815301076,1909f56bfc062723c751e8b465ee728b)  -> (artifact id: 'cebf7d2ee981ac152e4492ece8695253') in 0.027608 seconds 
========================================================================
Received Import Request.
  Time since last request: 0.570182 seconds.
  path: Assets/Sprites/Explosion/Explosion_00150.png
  artifactKey: Guid(e2187e8bbfb3858498dd36dffd69b93a) Importer(815301076,1909f56bfc062723c751e8b465ee728b)
Start importing Assets/Sprites/Explosion/Explosion_00150.png using Guid(e2187e8bbfb3858498dd36dffd69b93a) Importer(815301076,1909f56bfc062723c751e8b465ee728b)  -> (artifact id: '4fbecd5e51a30b569bf3fb419e45b122') in 0.031831 seconds 
========================================================================
Received Import Request.
  Time since last request: 51.729424 seconds.
  path: Assets/Sprites/Coin/frame-6.png
  artifactKey: Guid(e2480be2f2f5cb7428002bedc1a2fddf) Importer(815301076,1909f56bfc062723c751e8b465ee728b)
Start importing Assets/Sprites/Coin/frame-6.png using Guid(e2480be2f2f5cb7428002bedc1a2fddf) Importer(815301076,1909f56bfc062723c751e8b465ee728b)  -> (artifact id: 'd54e5e74fdea26eea818ef08e0da9a1b') in 0.022886 seconds 
========================================================================
Received Import Request.
  Time since last request: 0.000024 seconds.
  path: Assets/Sprites/Coin/frame-9.png
  artifactKey: Guid(fc9b9070d1b97ab448c57d2a09ce5b0a) Importer(815301076,1909f56bfc062723c751e8b465ee728b)
Start importing Assets/Sprites/Coin/frame-9.png using Guid(fc9b9070d1b97ab448c57d2a09ce5b0a) Importer(815301076,1909f56bfc062723c751e8b465ee728b)  -> (artifact id: '3be01ceb55aedc0dfa12010c9c535f1b') in 0.028192 seconds 
========================================================================
Received Import Request.
  Time since last request: 157.882943 seconds.
  path: Assets/Audio/explosion_sound.wav
  artifactKey: Guid(e425f635fe23c264c8e6dca98a6f652d) Importer(815301076,1909f56bfc062723c751e8b465ee728b)
Start importing Assets/Audio/explosion_sound.wav using Guid(e425f635fe23c264c8e6dca98a6f652d) Importer(815301076,1909f56bfc062723c751e8b465ee728b)  -> (artifact id: '05d3cbb0e5d42527cefbf992bb06d10e') in 0.043115 seconds 
========================================================================
Received Import Request.
  Time since last request: 0.000020 seconds.
  path: Assets/Audio/music.wav
  artifactKey: Guid(397ae214acd97184da8d7a22725ea3ed) Importer(815301076,1909f56bfc062723c751e8b465ee728b)
Start importing Assets/Audio/music.wav using Guid(397ae214acd97184da8d7a22725ea3ed) Importer(815301076,1909f56bfc062723c751e8b465ee728b)  -> (artifact id: 'cd148cc9f80e15df1381f9f0281fa8c9') in 0.030731 seconds 
========================================================================
Received Import Request.
  Time since last request: 0.000025 seconds.
  path: Assets/Audio/powerup.wav
  artifactKey: Guid(b953e2325246e32409191d573c7ed211) Importer(815301076,1909f56bfc062723c751e8b465ee728b)
Start importing Assets/Audio/powerup.wav using Guid(b953e2325246e32409191d573c7ed211) Importer(815301076,1909f56bfc062723c751e8b465ee728b)  -> (artifact id: '5c12a812fb5d2a1041ed6b1497473781') in 0.020840 seconds 
========================================================================
Received Import Request.
  Time since last request: 0.000018 seconds.
  path: Assets/Audio/shoot.wav
  artifactKey: Guid(084011555034b634898ace9ff3a9fc40) Importer(815301076,1909f56bfc062723c751e8b465ee728b)
Start importing Assets/Audio/shoot.wav using Guid(084011555034b634898ace9ff3a9fc40) Importer(815301076,1909f56bfc062723c751e8b465ee728b)  -> (artifact id: 'e1fed2573b9b84585b029d77b0841731') in 0.014902 seconds 
========================================================================
Received Import Request.
  Time since last request: 41.669110 seconds.
  path: Assets/Sprites/Health/frame-3.png
  artifactKey: Guid(e2b9b60cbfb2afc4394fdbadb5960502) Importer(815301076,1909f56bfc062723c751e8b465ee728b)
Start importing Assets/Sprites/Health/frame-3.png using Guid(e2b9b60cbfb2afc4394fdbadb5960502) Importer(815301076,1909f56bfc062723c751e8b465ee728b)  -> (artifact id: 'c16e847d4e7c6cb7f431f352246ddd63') in 0.020493 seconds 
========================================================================
Received Import Request.
  Time since last request: 0.000018 seconds.
  path: Assets/Sprites/Health/frame-5.png
  artifactKey: Guid(839a8cbe49aec96479de79a628c5d58d) Importer(815301076,1909f56bfc062723c751e8b465ee728b)
Start importing Assets/Sprites/Health/frame-5.png using Guid(839a8cbe49aec96479de79a628c5d58d) Importer(815301076,1909f56bfc062723c751e8b465ee728b)  -> (artifact id: '382f9133dabdbc4349fe136e3ab765f6') in 0.032702 seconds 
========================================================================
Received Import Request.
  Time since last request: 0.000019 seconds.
  path: Assets/Sprites/Health/frame-8.png
  artifactKey: Guid(fdaafd13bde8a7c499640f96bc3d736d) Importer(815301076,1909f56bfc062723c751e8b465ee728b)
Start importing Assets/Sprites/Health/frame-8.png using Guid(fdaafd13bde8a7c499640f96bc3d736d) Importer(815301076,1909f56bfc062723c751e8b465ee728b)  -> (artifact id: 'a938b7d84be214f88a9604f8bee1823b') in 0.021478 seconds 
========================================================================
Received Import Request.
  Time since last request: 42.320037 seconds.
  path: Assets/Sprites/Coin/frame-5.png
  artifactKey: Guid(ee7ed4b62ecb32d46a2849f3c288e11a) Importer(815301076,1909f56bfc062723c751e8b465ee728b)
Start importing Assets/Sprites/Coin/frame-5.png using Guid(ee7ed4b62ecb32d46a2849f3c288e11a) Importer(815301076,1909f56bfc062723c751e8b465ee728b)  -> (artifact id: '1b040a861dead1b345ed7e27d750fc4f') in 0.017243 seconds 
========================================================================
Received Import Request.
  Time since last request: 0.000019 seconds.
  path: Assets/Sprites/Coin/frame-9.png
  artifactKey: Guid(fc9b9070d1b97ab448c57d2a09ce5b0a) Importer(815301076,1909f56bfc062723c751e8b465ee728b)
Start importing Assets/Sprites/Coin/frame-9.png using Guid(fc9b9070d1b97ab448c57d2a09ce5b0a) Importer(815301076,1909f56bfc062723c751e8b465ee728b)  -> (artifact id: '814f9d5a0245ffed5b742e6789d2f8a9') in 0.017462 seconds 
Editor requested this worker to shutdown with reason: Scaling down because of idle timeout
AssetImportWorker is now disconnected from the server
Process exiting
Exiting without the bug reporter. Application will terminate with return code 0